2025-02-21 16:09:33 - root - INFO - Info
2025-02-21 16:09:33 - root - WARNING - Warning
2025-02-21 16:10:08 - root - INFO - Info
2025-02-21 16:10:08 - root - WARNING - Warning
2025-02-21 16:12:43 - root - INFO - Info
2025-02-21 16:12:43 - root - WARNING - Warning
2025-02-21 16:13:12 - root - INFO - Info
2025-02-21 16:13:12 - root - WARNING - Warning
2025-02-21 16:13:32 - root - INFO - Info
2025-02-21 16:13:32 - root - WARNING - Warning
2025-02-21 16:18:33 - root - INFO - Info
2025-02-21 16:18:33 - root - WARNING - Warning
2025-02-21 16:27:34 - root - INFO - Info
2025-02-21 16:27:34 - root - DEBUG - Debug
2025-02-21 16:27:34 - root - WARNING - Warning
2025-02-21 16:28:02 - root - INFO - Info
2025-02-21 16:28:02 - root - DEBUG - Debug
2025-02-21 16:28:02 - root - WARNING - Warning
2025-02-21 16:42:20 - root - INFO - Info
2025-02-21 16:42:20 - root - DEBUG - Debug
2025-02-21 16:42:20 - root - WARNING - Warning
2025-02-21 16:47:45 - root - INFO - Info
2025-02-21 16:47:45 - root - DEBUG - Debug
2025-02-21 16:47:45 - root - WARNING - Warning
2025-02-21 17:01:25 - root - INFO - Info
2025-02-21 17:01:25 - root - INFO - Connecting to game
2025-02-21 17:01:25 - root - INFO - Starting WoS
2025-02-21 17:05:26 - root - INFO - Info
2025-02-21 17:05:26 - root - INFO - Connecting to game
2025-02-21 17:11:11 - root - INFO - Info
2025-02-21 17:11:11 - root - INFO - Connecting to game
2025-02-21 17:12:32 - root - INFO - Info
2025-02-21 17:12:32 - root - INFO - Connecting to game
2025-02-21 17:17:06 - root - INFO - Info
2025-02-21 17:17:06 - root - INFO - Connecting to game
2025-02-21 17:17:36 - root - INFO - Info
2025-02-21 17:17:36 - root - INFO - Connecting to game
2025-02-21 17:18:07 - root - INFO - Info
2025-02-21 17:18:07 - root - INFO - Connecting to game
2025-02-21 17:20:26 - root - INFO - Info
2025-02-21 17:20:26 - root - INFO - Connecting to game
2025-02-21 17:23:00 - root - INFO - Info
2025-02-21 17:23:00 - root - INFO - Connecting to game
2025-02-21 17:27:34 - root - INFO - Info
2025-02-21 17:27:34 - root - INFO - Connecting to game
2025-02-21 17:42:44 - root - INFO - Info
2025-02-21 17:42:44 - root - INFO - Connecting to game
2025-02-21 17:42:45 - root - INFO - Starting WoS
2025-02-21 17:47:26 - root - INFO - Info
2025-02-21 17:47:26 - root - INFO - Connecting to game
2025-02-21 17:47:48 - root - INFO - Starting WoS
2025-02-21 17:48:01 - root - INFO - Info
2025-02-21 17:48:01 - root - INFO - Connecting to game
2025-02-21 17:48:02 - root - INFO - Starting WoS
2025-02-21 17:49:59 - root - INFO - Info
2025-02-21 17:49:59 - root - INFO - Connecting to game
2025-02-21 17:50:00 - root - INFO - Starting WoS
2025-02-21 17:55:54 - root - INFO - Info
2025-02-21 17:55:54 - root - INFO - Connecting to game
2025-02-21 17:55:55 - root - INFO - Starting WoS
2025-02-22 11:59:57 - root - INFO - Info
2025-02-22 11:59:57 - root - INFO - Connecting to game
2025-02-22 12:02:24 - root - INFO - Info
2025-02-22 12:02:24 - root - INFO - Connecting to game
2025-02-22 12:03:18 - root - INFO - Info
2025-02-22 12:03:18 - root - INFO - Connecting to game
2025-02-22 12:03:31 - root - INFO - Info
2025-02-22 12:03:31 - root - INFO - Connecting to game
2025-02-22 12:05:02 - root - INFO - Info
2025-02-22 12:05:02 - root - INFO - Connecting to game
2025-02-22 12:07:18 - root - INFO - Info
2025-02-22 12:07:18 - root - INFO - Connecting to game
2025-02-22 12:18:47 - root - INFO - Info
2025-02-22 12:18:47 - root - INFO - Connecting to game
2025-02-22 12:19:16 - root - INFO - Info
2025-02-22 12:19:16 - root - INFO - Connecting to game
2025-02-22 12:19:36 - root - INFO - Info
2025-02-22 12:19:36 - root - INFO - Connecting to game
2025-02-22 14:35:23 - root - INFO - Info
2025-02-22 14:35:23 - root - INFO - Connecting to game
